mode: set
github.com/abondar24/RecipeCountAnalyzer/analyzer/analyzer.go:25.103,27.16 2 1
github.com/abondar24/RecipeCountAnalyzer/analyzer/analyzer.go:31.2,31.60 1 1
github.com/abondar24/RecipeCountAnalyzer/analyzer/analyzer.go:27.16,29.3 1 0
github.com/abondar24/RecipeCountAnalyzer/analyzer/analyzer.go:34.49,46.2 8 1
github.com/abondar24/RecipeCountAnalyzer/analyzer/analyzer.go:48.58,50.115 2 1
github.com/abondar24/RecipeCountAnalyzer/analyzer/analyzer.go:55.2,55.16 1 1
github.com/abondar24/RecipeCountAnalyzer/analyzer/analyzer.go:59.2,59.17 1 1
github.com/abondar24/RecipeCountAnalyzer/analyzer/analyzer.go:50.115,53.3 2 1
github.com/abondar24/RecipeCountAnalyzer/analyzer/analyzer.go:55.16,57.3 1 0
github.com/abondar24/RecipeCountAnalyzer/analyzer/analyzer.go:62.75,65.35 2 1
github.com/abondar24/RecipeCountAnalyzer/analyzer/analyzer.go:70.2,70.17 1 1
github.com/abondar24/RecipeCountAnalyzer/analyzer/analyzer.go:65.35,68.3 2 1
github.com/abondar24/RecipeCountAnalyzer/analyzer/analyzer.go:73.57,77.115 3 1
github.com/abondar24/RecipeCountAnalyzer/analyzer/analyzer.go:82.2,82.16 1 1
github.com/abondar24/RecipeCountAnalyzer/analyzer/analyzer.go:86.2,86.38 1 1
github.com/abondar24/RecipeCountAnalyzer/analyzer/analyzer.go:93.2,93.12 1 1
github.com/abondar24/RecipeCountAnalyzer/analyzer/analyzer.go:77.115,80.3 2 1
github.com/abondar24/RecipeCountAnalyzer/analyzer/analyzer.go:82.16,84.3 1 0
github.com/abondar24/RecipeCountAnalyzer/analyzer/analyzer.go:86.38,87.24 1 1
github.com/abondar24/RecipeCountAnalyzer/analyzer/analyzer.go:87.24,90.4 2 1
github.com/abondar24/RecipeCountAnalyzer/analyzer/analyzer.go:96.62,103.115 4 1
github.com/abondar24/RecipeCountAnalyzer/analyzer/analyzer.go:115.2,115.16 1 1
github.com/abondar24/RecipeCountAnalyzer/analyzer/analyzer.go:119.2,121.12 2 1
github.com/abondar24/RecipeCountAnalyzer/analyzer/analyzer.go:103.115,105.33 2 1
github.com/abondar24/RecipeCountAnalyzer/analyzer/analyzer.go:105.33,109.49 4 1
github.com/abondar24/RecipeCountAnalyzer/analyzer/analyzer.go:109.49,111.5 1 1
github.com/abondar24/RecipeCountAnalyzer/analyzer/analyzer.go:115.16,117.3 1 0
github.com/abondar24/RecipeCountAnalyzer/analyzer/analyzer.go:124.75,128.26 3 1
github.com/abondar24/RecipeCountAnalyzer/analyzer/analyzer.go:135.2,135.13 1 1
github.com/abondar24/RecipeCountAnalyzer/analyzer/analyzer.go:128.26,130.36 2 1
github.com/abondar24/RecipeCountAnalyzer/analyzer/analyzer.go:130.36,132.4 1 1
github.com/abondar24/RecipeCountAnalyzer/analyzer/analyzer.go:138.39,150.27 3 1
github.com/abondar24/RecipeCountAnalyzer/analyzer/analyzer.go:156.2,156.18 1 1
github.com/abondar24/RecipeCountAnalyzer/analyzer/analyzer.go:150.27,151.34 1 1
github.com/abondar24/RecipeCountAnalyzer/analyzer/analyzer.go:151.34,153.4 1 1
github.com/abondar24/RecipeCountAnalyzer/analyzer/analyzer.go:159.78,168.24 6 1
github.com/abondar24/RecipeCountAnalyzer/analyzer/analyzer.go:172.2,175.20 3 1
github.com/abondar24/RecipeCountAnalyzer/analyzer/analyzer.go:179.2,179.13 1 1
github.com/abondar24/RecipeCountAnalyzer/analyzer/analyzer.go:168.24,170.3 1 0
github.com/abondar24/RecipeCountAnalyzer/analyzer/analyzer.go:175.20,177.3 1 0
github.com/abondar24/RecipeCountAnalyzer/analyzer/analyzer.go:182.51,185.16 3 1
github.com/abondar24/RecipeCountAnalyzer/analyzer/analyzer.go:189.2,189.16 1 1
github.com/abondar24/RecipeCountAnalyzer/analyzer/analyzer.go:185.16,187.3 1 0
github.com/abondar24/RecipeCountAnalyzer/analyzer/analyzer.go:192.57,199.2 4 1
